<?xml version="1.0" encoding="UTF-8"?>
<!-- Generated by org.testng.reporters.JUnitReportReporter -->
<testsuite hostname="DESKTOP-OEJBSOD" failures="0" tests="1" name="Facebook_test.facebook_login" time="21.055" errors="0" timestamp="2021-05-10T00:03:46 GMT+05:30" skipped="0">
  <testcase classname="Facebook_test.facebook_login" name="login" time="21.055"/>
  <system-out/>
</testsuite> <!-- Facebook_test.facebook_login -->
